  [1m[36mSQL (0.4ms)[0m  [1mselect sqlite_version(*)[0m
  [1m[35mSQL (0.4ms)[0m   SELECT name
 FROM sqlite_master
 WHERE type = 'table' AND NOT name = 'sqlite_sequence'
  [1m[36mSQL (2.2ms)[0m  [1mCREATE TABLE "articles" ("id" INTEGER PRIMARY KEY AUTOINCREMENT NOT NULL, "title" varchar(255), "body" text, "published_at" datetime, "created_at" datetime, "updated_at" datetime, "excerpt" varchar(255), "location" varchar(255)) [0m
  [1m[35mSQL (0.3ms)[0m   SELECT name
 FROM sqlite_master
 WHERE type = 'table' AND NOT name = 'sqlite_sequence'
  [1m[36mSQL (1.7ms)[0m  [1mCREATE TABLE "schema_migrations" ("version" varchar(255) NOT NULL) [0m
  [1m[35mSQL (1.6ms)[0m  CREATE UNIQUE INDEX "unique_schema_migrations" ON "schema_migrations" ("version")
  [1m[36mSQL (0.2ms)[0m  [1m SELECT name
 FROM sqlite_master
 WHERE type = 'table' AND NOT name = 'sqlite_sequence'
[0m
  [1m[35mSQL (0.1ms)[0m  SELECT version FROM "schema_migrations"
  [1m[36mSQL (1.5ms)[0m  [1mINSERT INTO "schema_migrations" (version) VALUES ('20100501215404')[0m
  [1m[35mSQL (4.4ms)[0m  INSERT INTO "schema_migrations" (version) VALUES ('20100501211503')


Started GET "/articles" for 127.0.0.1 at 2010-05-01 18:17:38


Started GET "/articles" for 127.0.0.1 at 2010-05-01 18:21:08
  Processing by ArticlesController#index as HTML
  [1m[36mSQL (0.7ms)[0m  [1m SELECT name
 FROM sqlite_master
 WHERE type = 'table' AND NOT name = 'sqlite_sequence'
[0m
  [1m[35mArticle Load (0.2ms)[0m  SELECT "articles".* FROM "articles"
Rendered articles/index.html.erb within layouts/application (3.3ms)
Completed 200 OK in 102ms (Views: 8.0ms | ActiveRecord: 0.8ms)
