  [1m[36mSQL (0.3ms)[0m  [1mselect sqlite_version(*)[0m
  [1m[35mSQL (0.2ms)[0m   SELECT name
 FROM sqlite_master
 WHERE type = 'table' AND NOT name = 'sqlite_sequence'
  [1m[36mSQL (1.2ms)[0m  [1mCREATE TABLE "articles" ("id" INTEGER PRIMARY KEY AUTOINCREMENT NOT NULL, "title" varchar(255), "body" text, "published_at" datetime, "created_at" datetime, "updated_at" datetime, "excerpt" varchar(255), "location" varchar(255), "user_id" integer) [0m
  [1m[35mSQL (0.1ms)[0m   SELECT name
 FROM sqlite_master
 WHERE type = 'table' AND NOT name = 'sqlite_sequence'
  [1m[36mSQL (0.8ms)[0m  [1mCREATE TABLE "articles_categories" ("article_id" integer, "category_id" integer) [0m
  [1m[35mSQL (0.1ms)[0m   SELECT name
 FROM sqlite_master
 WHERE type = 'table' AND NOT name = 'sqlite_sequence'
  [1m[36mSQL (1.0ms)[0m  [1mCREATE TABLE "categories" ("id" INTEGER PRIMARY KEY AUTOINCREMENT NOT NULL, "name" varchar(255), "created_at" datetime, "updated_at" datetime) [0m
  [1m[35mSQL (0.2ms)[0m   SELECT name
 FROM sqlite_master
 WHERE type = 'table' AND NOT name = 'sqlite_sequence'
  [1m[36mSQL (1.0ms)[0m  [1mCREATE TABLE "comments" ("id" INTEGER PRIMARY KEY AUTOINCREMENT NOT NULL, "article_id" integer, "name" varchar(255), "email" varchar(255), "body" text, "created_at" datetime, "updated_at" datetime) [0m
  [1m[35mSQL (0.2ms)[0m   SELECT name
 FROM sqlite_master
 WHERE type = 'table' AND NOT name = 'sqlite_sequence'
  [1m[36mSQL (1.0ms)[0m  [1mCREATE TABLE "profiles" ("id" INTEGER PRIMARY KEY AUTOINCREMENT NOT NULL, "user_id" integer, "name" varchar(255), "birthday" date, "bio" text, "color" varchar(255), "twitter" varchar(255), "created_at" datetime, "updated_at" datetime) [0m
  [1m[35mSQL (0.2ms)[0m   SELECT name
 FROM sqlite_master
 WHERE type = 'table' AND NOT name = 'sqlite_sequence'
  [1m[36mSQL (1.5ms)[0m  [1mCREATE TABLE "sessions" ("id" INTEGER PRIMARY KEY AUTOINCREMENT NOT NULL, "session_id" varchar(255) NOT NULL, "data" text, "created_at" datetime, "updated_at" datetime) [0m
  [1m[35mSQL (1.5ms)[0m  CREATE INDEX "index_sessions_on_session_id" ON "sessions" ("session_id")
  [1m[36mSQL (1.3ms)[0m  [1mCREATE INDEX "index_sessions_on_updated_at" ON "sessions" ("updated_at")[0m
  [1m[35mSQL (0.3ms)[0m   SELECT name
 FROM sqlite_master
 WHERE type = 'table' AND NOT name = 'sqlite_sequence'
  [1m[36mSQL (1.1ms)[0m  [1mCREATE TABLE "users" ("id" INTEGER PRIMARY KEY AUTOINCREMENT NOT NULL, "email" varchar(255), "hashed_password" varchar(255), "created_at" datetime, "updated_at" datetime) [0m
  [1m[35mSQL (0.3ms)[0m   SELECT name
 FROM sqlite_master
 WHERE type = 'table' AND NOT name = 'sqlite_sequence'
  [1m[36mSQL (1.1ms)[0m  [1mCREATE TABLE "schema_migrations" ("version" varchar(255) NOT NULL) [0m
  [1m[35mSQL (1.5ms)[0m  CREATE UNIQUE INDEX "unique_schema_migrations" ON "schema_migrations" ("version")
  [1m[36mSQL (0.3ms)[0m  [1m SELECT name
 FROM sqlite_master
 WHERE type = 'table' AND NOT name = 'sqlite_sequence'
[0m
  [1m[35mSQL (0.1ms)[0m  SELECT version FROM "schema_migrations"
  [1m[36mSQL (1.2ms)[0m  [1mINSERT INTO "schema_migrations" (version) VALUES ('20100503182756')[0m
  [1m[35mSQL (1.1ms)[0m  INSERT INTO "schema_migrations" (version) VALUES ('20100501211503')
  [1m[36mSQL (1.1ms)[0m  [1mINSERT INTO "schema_migrations" (version) VALUES ('20100501215404')[0m
  [1m[35mSQL (1.1ms)[0m  INSERT INTO "schema_migrations" (version) VALUES ('20100502145742')
  [1m[36mSQL (1.1ms)[0m  [1mINSERT INTO "schema_migrations" (version) VALUES ('20100502150124')[0m
  [1m[35mSQL (1.2ms)[0m  INSERT INTO "schema_migrations" (version) VALUES ('20100502152653')
  [1m[36mSQL (1.3ms)[0m  [1mINSERT INTO "schema_migrations" (version) VALUES ('20100502155405')[0m
  [1m[35mSQL (1.2ms)[0m  INSERT INTO "schema_migrations" (version) VALUES ('20100502155432')
  [1m[36mSQL (1.3ms)[0m  [1mINSERT INTO "schema_migrations" (version) VALUES ('20100502161010')[0m
  [1m[35mSQL (1.1ms)[0m  INSERT INTO "schema_migrations" (version) VALUES ('20100502190439')
  [1m[36mSQL (0.4ms)[0m  [1m SELECT name
 FROM sqlite_master
 WHERE type = 'table' AND NOT name = 'sqlite_sequence'
[0m
  [1m[35mUser Load (0.1ms)[0m  SELECT "users"."id" FROM "users" WHERE ("users"."email" = 'mary@example.com') LIMIT 1
  [1m[36mSQL (0.4ms)[0m  [1mINSERT INTO "users" ("created_at", "email", "hashed_password", "updated_at") VALUES ('2010-05-03 23:22:35.379058', 'mary@example.com', '3ab83d7d20012d2d962754b7cc33394c1a8799ca', '2010-05-03 23:22:35.379058')[0m
  [1m[35mSQL (0.4ms)[0m  INSERT INTO "categories" ("created_at", "name", "updated_at") VALUES ('2010-05-03 23:22:35.419365', 'Programming', '2010-05-03 23:22:35.419365')
  [1m[36mSQL (0.3ms)[0m  [1mINSERT INTO "categories" ("created_at", "name", "updated_at") VALUES ('2010-05-03 23:22:35.422912', 'Event', '2010-05-03 23:22:35.422912')[0m
  [1m[35mSQL (0.2ms)[0m  INSERT INTO "categories" ("created_at", "name", "updated_at") VALUES ('2010-05-03 23:22:35.424934', 'Travel', '2010-05-03 23:22:35.424934')
  [1m[36mSQL (0.2ms)[0m  [1mINSERT INTO "categories" ("created_at", "name", "updated_at") VALUES ('2010-05-03 23:22:35.426814', 'Music', '2010-05-03 23:22:35.426814')[0m
  [1m[35mSQL (0.2ms)[0m  INSERT INTO "categories" ("created_at", "name", "updated_at") VALUES ('2010-05-03 23:22:35.428700', 'TV', '2010-05-03 23:22:35.428700')
  [1m[36mSQL (0.5ms)[0m  [1mINSERT INTO "articles" ("body", "created_at", "excerpt", "location", "published_at", "title", "updated_at", "user_id") VALUES ('Models need to relate to each other. In the real world, ..', '2010-05-03 23:22:35.498997', NULL, NULL, '2010-05-03 04:00:00.000000', 'Advanced Active Record', '2010-05-03 23:22:35.498997', 1)[0m
  [1m[35mSQL (0.3ms)[0m  INSERT INTO "articles" ("body", "created_at", "excerpt", "location", "published_at", "title", "updated_at", "user_id") VALUES ('One-to-many associations describe a pattern ..', '2010-05-03 23:22:35.504270', NULL, NULL, '2010-05-03 04:00:00.000000', 'One-to-many associations', '2010-05-03 23:22:35.504270', 1)
  [1m[36mSQL (0.3ms)[0m  [1mINSERT INTO "articles" ("body", "created_at", "excerpt", "location", "published_at", "title", "updated_at", "user_id") VALUES ('Active Record makes working with associations easy..', '2010-05-03 23:22:35.507282', NULL, NULL, '2010-05-03 04:00:00.000000', 'Associations', '2010-05-03 23:22:35.507282', 1)[0m


Started GET "/" for 127.0.0.1 at 2010-05-03 19:22:58
  Processing by ArticlesController#index as HTML
  [1m[36mArticle Load (0.4ms)[0m  [1mSELECT "articles".* FROM "articles"[0m
Rendered articles/_article.html.erb (38.4ms)
Rendered articles/index.html.erb within layouts/application (50.2ms)
Completed 200 OK in 79ms (Views: 53.8ms | ActiveRecord: 1.0ms)


Started GET "/articles/1" for 127.0.0.1 at 2010-05-03 19:23:02
  Processing by ArticlesController#show as HTML
  Parameters: {"id"=>"1"}
  [1m[35mArticle Load (0.3ms)[0m  SELECT "articles".* FROM "articles" WHERE ("articles"."id" = 1) LIMIT 1
Rendered articles/_article.html.erb (24.9ms)
  [1m[36mComment Load (0.3ms)[0m  [1mSELECT "comments".* FROM "comments" WHERE ("comments".article_id = 1)[0m
Rendered collection (0.0ms)
Rendered comments/new.html.erb (11.5ms)
Rendered articles/show.html.erb within layouts/application (112.7ms)
Completed 200 OK in 136ms (Views: 115.8ms | ActiveRecord: 1.1ms)
