  [1m[36mSQL (0.4ms)[0m  [1mselect sqlite_version(*)[0m
  [1m[35mSQL (0.4ms)[0m   SELECT name
 FROM sqlite_master
 WHERE type = 'table' AND NOT name = 'sqlite_sequence'
  [1m[36mSQL (2.3ms)[0m  [1mCREATE TABLE "articles" ("id" INTEGER PRIMARY KEY AUTOINCREMENT NOT NULL, "title" varchar(255), "body" text, "published_at" datetime, "created_at" datetime, "updated_at" datetime, "excerpt" varchar(255), "location" varchar(255), "user_id" integer) [0m
  [1m[35mSQL (0.3ms)[0m   SELECT name
 FROM sqlite_master
 WHERE type = 'table' AND NOT name = 'sqlite_sequence'
  [1m[36mSQL (1.7ms)[0m  [1mCREATE TABLE "articles_categories" ("article_id" integer, "category_id" integer) [0m
  [1m[35mSQL (0.3ms)[0m   SELECT name
 FROM sqlite_master
 WHERE type = 'table' AND NOT name = 'sqlite_sequence'
  [1m[36mSQL (2.4ms)[0m  [1mCREATE TABLE "categories" ("id" INTEGER PRIMARY KEY AUTOINCREMENT NOT NULL, "name" varchar(255), "created_at" datetime, "updated_at" datetime) [0m
  [1m[35mSQL (0.3ms)[0m   SELECT name
 FROM sqlite_master
 WHERE type = 'table' AND NOT name = 'sqlite_sequence'
  [1m[36mSQL (2.2ms)[0m  [1mCREATE TABLE "comments" ("id" INTEGER PRIMARY KEY AUTOINCREMENT NOT NULL, "article_id" integer, "name" varchar(255), "email" varchar(255), "body" text, "created_at" datetime, "updated_at" datetime) [0m
  [1m[35mSQL (0.4ms)[0m   SELECT name
 FROM sqlite_master
 WHERE type = 'table' AND NOT name = 'sqlite_sequence'
  [1m[36mSQL (1.8ms)[0m  [1mCREATE TABLE "profiles" ("id" INTEGER PRIMARY KEY AUTOINCREMENT NOT NULL, "user_id" integer, "name" varchar(255), "birthday" date, "bio" text, "color" varchar(255), "twitter" varchar(255), "created_at" datetime, "updated_at" datetime) [0m
  [1m[35mSQL (0.3ms)[0m   SELECT name
 FROM sqlite_master
 WHERE type = 'table' AND NOT name = 'sqlite_sequence'
  [1m[36mSQL (8.2ms)[0m  [1mCREATE TABLE "users" ("id" INTEGER PRIMARY KEY AUTOINCREMENT NOT NULL, "email" varchar(255), "hashed_password" varchar(255), "created_at" datetime, "updated_at" datetime) [0m
  [1m[35mSQL (0.4ms)[0m   SELECT name
 FROM sqlite_master
 WHERE type = 'table' AND NOT name = 'sqlite_sequence'
  [1m[36mSQL (1.7ms)[0m  [1mCREATE TABLE "schema_migrations" ("version" varchar(255) NOT NULL) [0m
  [1m[35mSQL (1.6ms)[0m  CREATE UNIQUE INDEX "unique_schema_migrations" ON "schema_migrations" ("version")
  [1m[36mSQL (0.3ms)[0m  [1m SELECT name
 FROM sqlite_master
 WHERE type = 'table' AND NOT name = 'sqlite_sequence'
[0m
  [1m[35mSQL (0.1ms)[0m  SELECT version FROM "schema_migrations"
  [1m[36mSQL (2.3ms)[0m  [1mINSERT INTO "schema_migrations" (version) VALUES ('20100502190439')[0m
  [1m[35mSQL (4.5ms)[0m  INSERT INTO "schema_migrations" (version) VALUES ('20100501211503')
  [1m[36mSQL (1.5ms)[0m  [1mINSERT INTO "schema_migrations" (version) VALUES ('20100501215404')[0m
  [1m[35mSQL (1.6ms)[0m  INSERT INTO "schema_migrations" (version) VALUES ('20100502145742')
  [1m[36mSQL (2.6ms)[0m  [1mINSERT INTO "schema_migrations" (version) VALUES ('20100502150124')[0m
  [1m[35mSQL (2.3ms)[0m  INSERT INTO "schema_migrations" (version) VALUES ('20100502152653')
  [1m[36mSQL (1.4ms)[0m  [1mINSERT INTO "schema_migrations" (version) VALUES ('20100502155405')[0m
  [1m[35mSQL (1.4ms)[0m  INSERT INTO "schema_migrations" (version) VALUES ('20100502155432')
  [1m[36mSQL (1.4ms)[0m  [1mINSERT INTO "schema_migrations" (version) VALUES ('20100502161010')[0m
  [1m[35mSQL (0.5ms)[0m   SELECT name
 FROM sqlite_master
 WHERE type = 'table' AND NOT name = 'sqlite_sequence'
  [1m[36mUser Load (0.1ms)[0m  [1mSELECT "users"."id" FROM "users" WHERE ("users"."email" = 'mary@example.com') LIMIT 1[0m
  [1m[35mSQL (0.5ms)[0m  INSERT INTO "users" ("created_at", "email", "hashed_password", "updated_at") VALUES ('2010-05-02 20:37:51.471905', 'mary@example.com', '3ab83d7d20012d2d962754b7cc33394c1a8799ca', '2010-05-02 20:37:51.471905')
  [1m[36mSQL (0.4ms)[0m  [1mINSERT INTO "categories" ("created_at", "name", "updated_at") VALUES ('2010-05-02 20:37:51.526587', 'Programming', '2010-05-02 20:37:51.526587')[0m
  [1m[35mSQL (0.3ms)[0m  INSERT INTO "categories" ("created_at", "name", "updated_at") VALUES ('2010-05-02 20:37:51.531588', 'Event', '2010-05-02 20:37:51.531588')
  [1m[36mSQL (0.3ms)[0m  [1mINSERT INTO "categories" ("created_at", "name", "updated_at") VALUES ('2010-05-02 20:37:51.534780', 'Travel', '2010-05-02 20:37:51.534780')[0m
  [1m[35mSQL (0.7ms)[0m  INSERT INTO "categories" ("created_at", "name", "updated_at") VALUES ('2010-05-02 20:37:51.537937', 'Music', '2010-05-02 20:37:51.537937')
  [1m[36mSQL (0.3ms)[0m  [1mINSERT INTO "categories" ("created_at", "name", "updated_at") VALUES ('2010-05-02 20:37:51.543166', 'TV', '2010-05-02 20:37:51.543166')[0m
  [1m[35mSQL (0.4ms)[0m  INSERT INTO "articles" ("body", "created_at", "excerpt", "location", "published_at", "title", "updated_at", "user_id") VALUES ('Models need to relate to each other. In the real world, ..', '2010-05-02 20:37:51.632006', NULL, NULL, '2010-05-02 04:00:00.000000', 'Advanced Active Record', '2010-05-02 20:37:51.632006', 1)
  [1m[36mSQL (0.3ms)[0m  [1mINSERT INTO "articles" ("body", "created_at", "excerpt", "location", "published_at", "title", "updated_at", "user_id") VALUES ('One-to-many associations describe a pattern ..', '2010-05-02 20:37:51.638598', NULL, NULL, '2010-05-02 04:00:00.000000', 'One-to-many associations', '2010-05-02 20:37:51.638598', 1)[0m
  [1m[35mSQL (0.4ms)[0m  INSERT INTO "articles" ("body", "created_at", "excerpt", "location", "published_at", "title", "updated_at", "user_id") VALUES ('Active Record makes working with associations easy..', '2010-05-02 20:37:51.642579', NULL, NULL, '2010-05-02 04:00:00.000000', 'Associations', '2010-05-02 20:37:51.642579', 1)


Started GET "/articles" for 127.0.0.1 at 2010-05-02 16:37:59


Started GET "/articles" for 127.0.0.1 at 2010-05-02 16:39:46
  Processing by ArticlesController#index as HTML
  [1m[36mSQL (0.4ms)[0m  [1m SELECT name
 FROM sqlite_master
 WHERE type = 'table' AND NOT name = 'sqlite_sequence'
[0m
  [1m[35mArticle Load (1.2ms)[0m  SELECT "articles".* FROM "articles"
Rendered articles/index.html.erb within layouts/application (23.4ms)
Completed 200 OK in 146ms (Views: 28.0ms | ActiveRecord: 1.6ms)


Started GET "/articles.xml" for 127.0.0.1 at 2010-05-02 16:39:53
  Processing by ArticlesController#index as XML
  [1m[36mArticle Load (1.3ms)[0m  [1mSELECT "articles".* FROM "articles"[0m
Completed 200 OK in 99ms (Views: 78.0ms | ActiveRecord: 1.3ms)
